<?xml version="1.0" encoding="UTF-8"?>
<testng-results ignored="1" total="2" passed="1" failed="0" skipped="0">
  <reporter-output>
  </reporter-output>
  <suite started-at="2022-11-17T13:45:24 IST" name="Default suite" finished-at="2022-11-17T13:45:28 IST" duration-ms="4056">
    <groups>
    </groups>
    <test started-at="2022-11-17T13:45:24 IST" name="Default test" finished-at="2022-11-17T13:45:28 IST" duration-ms="4056">
      <class name="rest_api.Pizza_order">
        <test-method signature="create_order()[pri:2, instance:rest_api.Pizza_order@68c72235]" started-at="2022-11-17T13:45:24 IST" name="create_order" finished-at="2022-11-17T13:45:28 IST" duration-ms="3985" status="PASS">
          <reporter-output>
          </reporter-output>
        </test-method> <!-- create_order -->
      </class> <!-- rest_api.Pizza_order -->
    </test> <!-- Default test -->
  </suite> <!-- Default suite -->
</testng-results>
