<?xml version="1.0" encoding="UTF-8"?>
<!-- Generated by org.testng.reporters.JUnitXMLReporter -->
<testsuite ignored="1" hostname="DESKTOP-T2FG83M" failures="0" tests="1" name="Default test" time="4.056" errors="0" timestamp="2022-11-17T13:45:28 IST">
  <testcase classname="rest_api.Pizza_order" name="create_order" time="3.985"/>
  <testcase classname="rest_api.Pizza_order" name="create_token" time="0.0">
    <ignored/>
  </testcase> <!-- create_token -->
</testsuite> <!-- Default test -->
